{
"/Users/lamothe/Code/appy-mcappface/web/src/app/app.component.ts":{"path":"/Users/lamothe/Code/appy-mcappface/web/src/app/app.component.ts","s":{"1":1,"2":1,"3":1,"4":1,"5":1,"6":1,"7":1,"8":0,"9":0,"10":0,"11":0,"12":1,"13":1,"14":1,"15":1},"b":{},"f":{"1":1,"2":0,"3":0},"fnMap":{"1":{"name":"(anonymous_1)","line":14,"loc":{"start":{"line":14,"column":11},"end":{"line":14,"column":23}}},"2":{"name":"App","line":15,"loc":{"start":{"line":15,"column":4},"end":{"line":15,"column":19}}},"3":{"name":"(anonymous_3)","line":21,"loc":{"start":{"line":21,"column":29},"end":{"line":21,"column":41}}}},"statementMap":{"1":{"start":{"line":5,"column":0},"end":{"line":5,"column":38}},"2":{"start":{"line":6,"column":0},"end":{"line":6,"column":64}},"3":{"start":{"line":7,"column":0},"end":{"line":7,"column":56}},"4":{"start":{"line":8,"column":0},"end":{"line":8,"column":68}},"5":{"start":{"line":9,"column":0},"end":{"line":9,"column":65}},"6":{"start":{"line":14,"column":0},"end":{"line":41,"column":5}},"7":{"start":{"line":15,"column":4},"end":{"line":20,"column":5}},"8":{"start":{"line":16,"column":8},"end":{"line":16,"column":69}},"9":{"start":{"line":17,"column":8},"end":{"line":17,"column":29}},"10":{"start":{"line":18,"column":8},"end":{"line":18,"column":37}},"11":{"start":{"line":19,"column":8},"end":{"line":19,"column":22}},"12":{"start":{"line":21,"column":4},"end":{"line":21,"column":45}},"13":{"start":{"line":22,"column":4},"end":{"line":39,"column":12}},"14":{"start":{"line":40,"column":4},"end":{"line":40,"column":15}},"15":{"start":{"line":42,"column":0},"end":{"line":42,"column":18}}},"branchMap":{},"code":["\"use strict\";","/*"," * Angular 2 decorators and services"," */","var core_1 = require('@angular/core');","var router_deprecated_1 = require('@angular/router-deprecated');","var home_component_1 = require('./home/home-component');","var logevent_component_1 = require('./logevent/logevent-component');","var toolbar_component_1 = require('./toolbar/toolbar-component');","/*"," * App Component"," * Top Level Component"," */","var App = (function () {","    function App() {","        this.angularclassLogo = 'assets/img/angularclass-avatar.png';","        this.loading = false;","        this.name = 'Appy McAppface';","        this.url = '';","    }","    App.prototype.ngOnInit = function () { };","    App = __decorate([","        core_1.Component({","            selector: 'app',","            pipes: [],","            providers: [],","            directives: [toolbar_component_1.ToolbarComponent],","            encapsulation: core_1.ViewEncapsulation.None,","            styles: [","                require('./app.css')","            ],","            template: \"\\n  <toolbar></toolbar>\\n  <main>\\n    <router-outlet></router-outlet>\\n  </main>\\n  \"","        }),","        router_deprecated_1.RouteConfig([","            { path: '/home', name: 'Home', component: home_component_1.HomeComponent, useAsDefault: true },","            { path: '/logevent', name: 'LogEvent', component: logevent_component_1.LogEventComponent }","        ]), ","        __metadata('design:paramtypes', [])","    ], App);","    return App;","}());","exports.App = App;",""],"l":{"5":1,"6":1,"7":1,"8":1,"9":1,"14":1,"15":1,"16":0,"17":0,"18":0,"19":0,"21":1,"22":1,"40":1,"42":1}},
"/Users/lamothe/Code/appy-mcappface/web/src/app/home/home-component.ts":{"path":"/Users/lamothe/Code/appy-mcappface/web/src/app/home/home-component.ts","s":{"1":1,"2":1,"3":1,"4":1,"5":1,"6":1,"7":0,"8":0,"9":0,"10":0,"11":0,"12":1,"13":0,"14":0,"15":1,"16":1,"17":1},"b":{},"f":{"1":1,"2":0,"3":0,"4":0},"fnMap":{"1":{"name":"(anonymous_1)","line":6,"loc":{"start":{"line":6,"column":21},"end":{"line":6,"column":33}}},"2":{"name":"HomeComponent","line":7,"loc":{"start":{"line":7,"column":4},"end":{"line":7,"column":29}}},"3":{"name":"(anonymous_3)","line":12,"loc":{"start":{"line":12,"column":19},"end":{"line":12,"column":31}}},"4":{"name":"(anonymous_4)","line":17,"loc":{"start":{"line":17,"column":38},"end":{"line":17,"column":55}}}},"statementMap":{"1":{"start":{"line":2,"column":0},"end":{"line":2,"column":38}},"2":{"start":{"line":3,"column":0},"end":{"line":3,"column":73}},"3":{"start":{"line":4,"column":0},"end":{"line":4,"column":67}},"4":{"start":{"line":5,"column":0},"end":{"line":5,"column":70}},"5":{"start":{"line":6,"column":0},"end":{"line":32,"column":5}},"6":{"start":{"line":7,"column":4},"end":{"line":16,"column":5}},"7":{"start":{"line":8,"column":8},"end":{"line":8,"column":25}},"8":{"start":{"line":11,"column":8},"end":{"line":11,"column":27}},"9":{"start":{"line":12,"column":8},"end":{"line":14,"column":17}},"10":{"start":{"line":13,"column":12},"end":{"line":13,"column":33}},"11":{"start":{"line":15,"column":8},"end":{"line":15,"column":39}},"12":{"start":{"line":17,"column":4},"end":{"line":20,"column":6}},"13":{"start":{"line":18,"column":8},"end":{"line":18,"column":45}},"14":{"start":{"line":19,"column":8},"end":{"line":19,"column":33}},"15":{"start":{"line":21,"column":4},"end":{"line":30,"column":22}},"16":{"start":{"line":31,"column":4},"end":{"line":31,"column":25}},"17":{"start":{"line":33,"column":0},"end":{"line":33,"column":38}}},"branchMap":{},"code":["\"use strict\";","var core_1 = require('@angular/core');","var logbutton_component_1 = require('app/logbutton/logbutton-component');","var summary_component_1 = require('app/summary/summary-component');","var progress_circle_1 = require('@angular2-material/progress-circle');","var HomeComponent = (function () {","    function HomeComponent() {","        var _this = this;","        // Disable the spinner after a couple seconds.","        // This is a workaround until eventing is put in place","        this.spinner(true);","        setTimeout(function () {","            _this.spinner(false);","        }, 1500);","        console.log('[HomeComponent]');","    }","    HomeComponent.prototype.spinner = function (event) {","        console.log('event value = ', event);","        this.showSpinner = event;","    };","    HomeComponent = __decorate([","        core_1.Component({","            selector: 'home',","            providers: [],","            pipes: [],","            directives: [logbutton_component_1.LogButtonComponent, summary_component_1.SummaryComponent, progress_circle_1.MdProgressCircle],","            template: require('./home-component.html')","        }), ","        __metadata('design:paramtypes', [])","    ], HomeComponent);","    return HomeComponent;","}());","exports.HomeComponent = HomeComponent;",""],"l":{"2":1,"3":1,"4":1,"5":1,"6":1,"7":1,"8":0,"11":0,"12":0,"13":0,"15":0,"17":1,"18":0,"19":0,"21":1,"31":1,"33":1}},
"/Users/lamothe/Code/appy-mcappface/web/src/app/logbutton/logbutton-component.ts":{"path":"/Users/lamothe/Code/appy-mcappface/web/src/app/logbutton/logbutton-component.ts","s":{"1":1,"2":1,"3":1,"4":1,"5":1,"6":0,"7":0,"8":1,"9":0,"10":0,"11":1,"12":1,"13":1,"14":1},"b":{},"f":{"1":1,"2":0,"3":0},"fnMap":{"1":{"name":"(anonymous_1)","line":5,"loc":{"start":{"line":5,"column":26},"end":{"line":5,"column":38}}},"2":{"name":"LogButtonComponent","line":6,"loc":{"start":{"line":6,"column":4},"end":{"line":6,"column":40}}},"3":{"name":"(anonymous_3)","line":10,"loc":{"start":{"line":10,"column":44},"end":{"line":10,"column":56}}}},"statementMap":{"1":{"start":{"line":2,"column":0},"end":{"line":2,"column":38}},"2":{"start":{"line":3,"column":0},"end":{"line":3,"column":52}},"3":{"start":{"line":4,"column":0},"end":{"line":4,"column":64}},"4":{"start":{"line":5,"column":0},"end":{"line":28,"column":5}},"5":{"start":{"line":6,"column":4},"end":{"line":9,"column":5}},"6":{"start":{"line":7,"column":8},"end":{"line":7,"column":29}},"7":{"start":{"line":8,"column":8},"end":{"line":8,"column":39}},"8":{"start":{"line":10,"column":4},"end":{"line":13,"column":6}},"9":{"start":{"line":11,"column":8},"end":{"line":11,"column":55}},"10":{"start":{"line":12,"column":8},"end":{"line":12,"column":77}},"11":{"start":{"line":14,"column":4},"end":{"line":17,"column":61}},"12":{"start":{"line":18,"column":4},"end":{"line":26,"column":27}},"13":{"start":{"line":27,"column":4},"end":{"line":27,"column":30}},"14":{"start":{"line":29,"column":0},"end":{"line":29,"column":48}}},"branchMap":{},"code":["\"use strict\";","var core_1 = require('@angular/core');","var button_1 = require('@angular2-material/button');","var router_deprecated_1 = require('@angular/router-deprecated');","var LogButtonComponent = (function () {","    function LogButtonComponent(router) {","        this.router = router;","        console.log('[log-component]');","    }","    LogButtonComponent.prototype.LogEvent = function () {","        console.log(' LogEvent ->', this.logEntryType);","        this.router.navigate(['LogEvent', { eventtype: this.logEntryType }]);","    };","    __decorate([","        core_1.Input(), ","        __metadata('design:type', String)","    ], LogButtonComponent.prototype, \"logEntryType\", void 0);","    LogButtonComponent = __decorate([","        core_1.Component({","            selector: 'logbutton',","            directives: [router_deprecated_1.ROUTER_DIRECTIVES, button_1.MdButton],","            providers: [],","            template: require('./logbutton-component.html')","        }), ","        __metadata('design:paramtypes', [router_deprecated_1.Router])","    ], LogButtonComponent);","    return LogButtonComponent;","}());","exports.LogButtonComponent = LogButtonComponent;",""],"l":{"2":1,"3":1,"4":1,"5":1,"6":1,"7":0,"8":0,"10":1,"11":0,"12":0,"14":1,"18":1,"27":1,"29":1}},
"/Users/lamothe/Code/appy-mcappface/web/src/app/summary/summary-component.ts":{"path":"/Users/lamothe/Code/appy-mcappface/web/src/app/summary/summary-component.ts","s":{"1":1,"2":1,"3":1,"4":1,"5":1,"6":1,"7":1,"8":1,"9":1,"10":1,"11":1,"12":1,"13":1,"14":0,"15":0,"16":0,"17":1,"18":1,"19":1,"20":1,"21":1,"22":1,"23":1,"24":1,"25":1,"26":1,"27":0,"28":1,"29":1,"30":1,"31":1},"b":{},"f":{"1":1,"2":1,"3":0,"4":1,"5":1,"6":0},"fnMap":{"1":{"name":"(anonymous_1)","line":5,"loc":{"start":{"line":5,"column":24},"end":{"line":5,"column":36}}},"2":{"name":"SummaryComponent","line":6,"loc":{"start":{"line":6,"column":4},"end":{"line":6,"column":42}}},"3":{"name":"(anonymous_3)","line":16,"loc":{"start":{"line":16,"column":41},"end":{"line":16,"column":53}}},"4":{"name":"(anonymous_4)","line":21,"loc":{"start":{"line":21,"column":53},"end":{"line":21,"column":65}}},"5":{"name":"(anonymous_5)","line":27,"loc":{"start":{"line":27,"column":50},"end":{"line":27,"column":66}}},"6":{"name":"(anonymous_6)","line":33,"loc":{"start":{"line":33,"column":11},"end":{"line":33,"column":26}}}},"statementMap":{"1":{"start":{"line":2,"column":0},"end":{"line":2,"column":38}},"2":{"start":{"line":3,"column":0},"end":{"line":3,"column":54}},"3":{"start":{"line":4,"column":0},"end":{"line":4,"column":48}},"4":{"start":{"line":5,"column":0},"end":{"line":49,"column":5}},"5":{"start":{"line":6,"column":4},"end":{"line":14,"column":5}},"6":{"start":{"line":7,"column":8},"end":{"line":7,"column":37}},"7":{"start":{"line":8,"column":8},"end":{"line":8,"column":61}},"8":{"start":{"line":9,"column":8},"end":{"line":9,"column":27}},"9":{"start":{"line":10,"column":8},"end":{"line":10,"column":33}},"10":{"start":{"line":11,"column":8},"end":{"line":11,"column":43}},"11":{"start":{"line":12,"column":8},"end":{"line":12,"column":37}},"12":{"start":{"line":13,"column":8},"end":{"line":13,"column":35}},"13":{"start":{"line":16,"column":4},"end":{"line":20,"column":6}},"14":{"start":{"line":17,"column":8},"end":{"line":17,"column":67}},"15":{"start":{"line":18,"column":8},"end":{"line":18,"column":39}},"16":{"start":{"line":19,"column":8},"end":{"line":19,"column":35}},"17":{"start":{"line":21,"column":4},"end":{"line":34,"column":6}},"18":{"start":{"line":22,"column":8},"end":{"line":22,"column":25}},"19":{"start":{"line":23,"column":8},"end":{"line":23,"column":47}},"20":{"start":{"line":24,"column":8},"end":{"line":24,"column":70}},"21":{"start":{"line":25,"column":8},"end":{"line":25,"column":39}},"22":{"start":{"line":27,"column":8},"end":{"line":33,"column":88}},"23":{"start":{"line":28,"column":12},"end":{"line":28,"column":34}},"24":{"start":{"line":29,"column":12},"end":{"line":29,"column":37}},"25":{"start":{"line":31,"column":12},"end":{"line":31,"column":75}},"26":{"start":{"line":32,"column":12},"end":{"line":32,"column":45}},"27":{"start":{"line":33,"column":28},"end":{"line":33,"column":84}},"28":{"start":{"line":35,"column":4},"end":{"line":38,"column":61}},"29":{"start":{"line":39,"column":4},"end":{"line":47,"column":25}},"30":{"start":{"line":48,"column":4},"end":{"line":48,"column":28}},"31":{"start":{"line":50,"column":0},"end":{"line":50,"column":44}}},"branchMap":{},"code":["\"use strict\";","var core_1 = require('@angular/core');","var logservice_1 = require('app/services/logservice');","var card_1 = require('@angular2-material/card');","var SummaryComponent = (function () {","    function SummaryComponent(logService) {","        this.logService = logService;","        this.refreshSummary = new core_1.EventEmitter(false);","        this.logStats = {};","        this.showSummary = false;","        console.log('[summary-component]');","        this.logService = logService;","        this.RefreshSummaryStats();","    }","    ;","    SummaryComponent.prototype.refresh = function () {","        console.log(' Refresh event recieved by parent component');","        this.refreshSummary.emit(true);","        this.RefreshSummaryStats();","    };","    SummaryComponent.prototype.RefreshSummaryStats = function () {","        var _this = this;","        console.log('  [RefreshSummaryStats]');","        console.log('  Emitting event from summary component (true)');","        this.refreshSummary.emit(true);","        // Subscribe to log stats service which returns an observable.","        this.logService.fetchLogStats().subscribe(function (data) {","            _this.logStats = data;","            _this.showSummary = true;","            // this.refreshSummary.emit(true);","            console.log('  Emitting event from summary component (false)');","            _this.refreshSummary.emit(false);","        }, function (err) { return console.log('Error fetching event stats: ', err); });","    };","    __decorate([","        core_1.Output('refresh-summary'), ","        __metadata('design:type', Object)","    ], SummaryComponent.prototype, \"refreshSummary\", void 0);","    SummaryComponent = __decorate([","        core_1.Component({","            selector: 'summary',","            directives: [card_1.MdCard],","            providers: [logservice_1.LogService],","            template: require('./summary-component.html')","        }), ","        __metadata('design:paramtypes', [logservice_1.LogService])","    ], SummaryComponent);","    return SummaryComponent;","}());","exports.SummaryComponent = SummaryComponent;",""],"l":{"2":1,"3":1,"4":1,"5":1,"6":1,"7":1,"8":1,"9":1,"10":1,"11":1,"12":1,"13":1,"16":1,"17":0,"18":0,"19":0,"21":1,"22":1,"23":1,"24":1,"25":1,"27":1,"28":1,"29":1,"31":1,"32":1,"33":0,"35":1,"39":1,"48":1,"50":1}},
"/Users/lamothe/Code/appy-mcappface/web/src/app/services/logservice.ts":{"path":"/Users/lamothe/Code/appy-mcappface/web/src/app/services/logservice.ts","s":{"1":1,"2":1,"3":1,"4":1,"5":1,"6":3,"7":3,"8":1,"9":1,"10":1,"11":1,"12":1,"13":1,"14":1,"15":2,"16":2,"17":2,"18":1,"19":0,"20":0,"21":0,"22":0,"23":0,"24":0,"25":0,"26":1,"27":0,"28":0,"29":0,"30":1,"31":1,"32":1,"33":1,"34":1,"35":0,"36":0,"37":1,"38":1,"39":1,"40":1,"41":1,"42":1},"b":{"1":[0,0],"2":[0,0],"3":[0,0],"4":[0,0],"5":[0,0]},"f":{"1":1,"2":3,"3":1,"4":2,"5":2,"6":0,"7":0,"8":1,"9":0,"10":1,"11":0},"fnMap":{"1":{"name":"(anonymous_1)","line":5,"loc":{"start":{"line":5,"column":18},"end":{"line":5,"column":30}}},"2":{"name":"LogService","line":7,"loc":{"start":{"line":7,"column":4},"end":{"line":7,"column":30}}},"3":{"name":"(anonymous_3)","line":11,"loc":{"start":{"line":11,"column":42},"end":{"line":11,"column":62}}},"4":{"name":"(anonymous_4)","line":25,"loc":{"start":{"line":25,"column":41},"end":{"line":25,"column":53}}},"5":{"name":"(anonymous_5)","line":27,"loc":{"start":{"line":27,"column":63},"end":{"line":27,"column":78}}},"6":{"name":"(anonymous_6)","line":29,"loc":{"start":{"line":29,"column":39},"end":{"line":29,"column":54}}},"7":{"name":"(anonymous_7)","line":39,"loc":{"start":{"line":39,"column":39},"end":{"line":39,"column":56}}},"8":{"name":"(anonymous_8)","line":52,"loc":{"start":{"line":52,"column":16},"end":{"line":52,"column":28}}},"9":{"name":"LogEntry","line":53,"loc":{"start":{"line":53,"column":4},"end":{"line":53,"column":43}}},"10":{"name":"(anonymous_10)","line":60,"loc":{"start":{"line":60,"column":16},"end":{"line":60,"column":28}}},"11":{"name":"LogStats","line":61,"loc":{"start":{"line":61,"column":4},"end":{"line":61,"column":24}}}},"statementMap":{"1":{"start":{"line":2,"column":0},"end":{"line":2,"column":38}},"2":{"start":{"line":3,"column":0},"end":{"line":3,"column":38}},"3":{"start":{"line":4,"column":0},"end":{"line":4,"column":30}},"4":{"start":{"line":5,"column":0},"end":{"line":50,"column":5}},"5":{"start":{"line":7,"column":4},"end":{"line":10,"column":5}},"6":{"start":{"line":8,"column":8},"end":{"line":8,"column":25}},"7":{"start":{"line":9,"column":8},"end":{"line":9,"column":79}},"8":{"start":{"line":11,"column":4},"end":{"line":24,"column":6}},"9":{"start":{"line":18,"column":8},"end":{"line":18,"column":20}},"10":{"start":{"line":19,"column":8},"end":{"line":19,"column":27}},"11":{"start":{"line":20,"column":8},"end":{"line":20,"column":77}},"12":{"start":{"line":21,"column":8},"end":{"line":21,"column":73}},"13":{"start":{"line":23,"column":8},"end":{"line":23,"column":100}},"14":{"start":{"line":25,"column":4},"end":{"line":28,"column":6}},"15":{"start":{"line":26,"column":8},"end":{"line":26,"column":39}},"16":{"start":{"line":27,"column":8},"end":{"line":27,"column":102}},"17":{"start":{"line":27,"column":80},"end":{"line":27,"column":98}},"18":{"start":{"line":29,"column":4},"end":{"line":38,"column":6}},"19":{"start":{"line":30,"column":8},"end":{"line":30,"column":37}},"20":{"start":{"line":31,"column":8},"end":{"line":34,"column":9}},"21":{"start":{"line":32,"column":12},"end":{"line":32,"column":59}},"22":{"start":{"line":33,"column":12},"end":{"line":33,"column":66}},"23":{"start":{"line":35,"column":8},"end":{"line":35,"column":30}},"24":{"start":{"line":36,"column":8},"end":{"line":36,"column":57}},"25":{"start":{"line":37,"column":8},"end":{"line":37,"column":31}},"26":{"start":{"line":39,"column":4},"end":{"line":44,"column":6}},"27":{"start":{"line":41,"column":8},"end":{"line":41,"column":53}},"28":{"start":{"line":42,"column":8},"end":{"line":42,"column":30}},"29":{"start":{"line":43,"column":8},"end":{"line":43,"column":45}},"30":{"start":{"line":45,"column":4},"end":{"line":48,"column":19}},"31":{"start":{"line":49,"column":4},"end":{"line":49,"column":22}},"32":{"start":{"line":51,"column":0},"end":{"line":51,"column":32}},"33":{"start":{"line":52,"column":0},"end":{"line":58,"column":5}},"34":{"start":{"line":53,"column":4},"end":{"line":56,"column":5}},"35":{"start":{"line":54,"column":8},"end":{"line":54,"column":35}},"36":{"start":{"line":55,"column":8},"end":{"line":55,"column":33}},"37":{"start":{"line":57,"column":4},"end":{"line":57,"column":20}},"38":{"start":{"line":59,"column":0},"end":{"line":59,"column":28}},"39":{"start":{"line":60,"column":0},"end":{"line":64,"column":5}},"40":{"start":{"line":61,"column":4},"end":{"line":62,"column":5}},"41":{"start":{"line":63,"column":4},"end":{"line":63,"column":20}},"42":{"start":{"line":65,"column":0},"end":{"line":65,"column":28}}},"branchMap":{"1":{"line":31,"type":"if","locations":[{"start":{"line":31,"column":8},"end":{"line":31,"column":8}},{"start":{"line":31,"column":8},"end":{"line":31,"column":8}}]},"2":{"line":31,"type":"binary-expr","locations":[{"start":{"line":31,"column":12},"end":{"line":31,"column":28}},{"start":{"line":31,"column":32},"end":{"line":31,"column":49}}]},"3":{"line":36,"type":"binary-expr","locations":[{"start":{"line":36,"column":40},"end":{"line":36,"column":49}},{"start":{"line":36,"column":53},"end":{"line":36,"column":55}}]},"4":{"line":37,"type":"binary-expr","locations":[{"start":{"line":37,"column":15},"end":{"line":37,"column":24}},{"start":{"line":37,"column":28},"end":{"line":37,"column":30}}]},"5":{"line":41,"type":"binary-expr","locations":[{"start":{"line":41,"column":21},"end":{"line":41,"column":34}},{"start":{"line":41,"column":38},"end":{"line":41,"column":52}}]}},"code":["\"use strict\";","var core_1 = require('@angular/core');","var http_1 = require('@angular/http');","var Rx_1 = require('rxjs/Rx');","var LogService = (function () {","    // baseUrl: String = \"http://localhost:8080\";","    function LogService(http) {","        this.http = http;","        this.baseUrl = 'http://beerme-services.us-east-1.elasticbeanstalk.com';","    }","    LogService.prototype.createLogEntry = function (newEntry) {","        // \"Content-Type:application/json","        // Payload:","        // {","        //   \"eventType\" : \"FFD\",","        //   \"comments\"  : \"Sample Comments\"","        // }","        var headers;","        var requestOptions;","        headers = new http_1.Headers({ 'Content-Type': 'application/json' });","        requestOptions = new http_1.RequestOptions({ headers: headers });","        // Stringify the object so the document type is accepted by the service","        return this.http.post(this.baseUrl + '/logevent', JSON.stringify(newEntry), requestOptions);","    };","    LogService.prototype.fetchLogStats = function () {","        console.log('[fetchLogStats]');","        return this.http.get(this.baseUrl + '/eventstats').map(function (res) { return res.json(); });","    };","    LogService.prototype.extractData = function (res) {","        console.log('[extractData]');","        if (res.status < 200 || res.status >= 300) {","            console.log('extractData Error: ', res.status);","            throw new Error('Bad response status: ' + res.status);","        }","        var body = res.json();","        console.log('extracted data: ', body.data || {});","        return body.data || {};","    };","    LogService.prototype.handleError = function (error) {","        // In a real world app, we might send the error to remote logging infrastructure","        var errMsg = error.message || 'Server error';","        console.error(errMsg); // log to console instead","        return Rx_1.Observable.throw(errMsg);","    };","    LogService = __decorate([","        core_1.Injectable(), ","        __metadata('design:paramtypes', [http_1.Http])","    ], LogService);","    return LogService;","}());","exports.LogService = LogService;","var LogEntry = (function () {","    function LogEntry(eventType, comments) {","        this.eventType = eventType;","        this.comments = comments;","    }","    return LogEntry;","}());","exports.LogEntry = LogEntry;","var LogStats = (function () {","    function LogStats() {","    }","    return LogStats;","}());","exports.LogStats = LogStats;",""],"l":{"2":1,"3":1,"4":1,"5":1,"7":1,"8":3,"9":3,"11":1,"18":1,"19":1,"20":1,"21":1,"23":1,"25":1,"26":2,"27":2,"29":1,"30":0,"31":0,"32":0,"33":0,"35":0,"36":0,"37":0,"39":1,"41":0,"42":0,"43":0,"45":1,"49":1,"51":1,"52":1,"53":1,"54":0,"55":0,"57":1,"59":1,"60":1,"61":1,"63":1,"65":1}},
"/Users/lamothe/Code/appy-mcappface/web/src/app/logevent/logevent-component.ts":{"path":"/Users/lamothe/Code/appy-mcappface/web/src/app/logevent/logevent-component.ts","s":{"1":1,"2":1,"3":1,"4":1,"5":1,"6":1,"7":1,"8":1,"9":1,"10":0,"11":0,"12":0,"13":0,"14":0,"15":1,"16":0,"17":0,"18":0,"19":0,"20":0,"21":0,"22":1,"23":0,"24":1,"25":1,"26":1,"27":1},"b":{},"f":{"1":1,"2":0,"3":0,"4":0,"5":0,"6":0},"fnMap":{"1":{"name":"(anonymous_1)","line":9,"loc":{"start":{"line":9,"column":25},"end":{"line":9,"column":37}}},"2":{"name":"LogEventComponent","line":10,"loc":{"start":{"line":10,"column":4},"end":{"line":10,"column":59}}},"3":{"name":"(anonymous_3)","line":17,"loc":{"start":{"line":17,"column":43},"end":{"line":17,"column":55}}},"4":{"name":"(anonymous_4)","line":23,"loc":{"start":{"line":23,"column":62},"end":{"line":23,"column":78}}},"5":{"name":"(anonymous_5)","line":25,"loc":{"start":{"line":25,"column":11},"end":{"line":25,"column":26}}},"6":{"name":"(anonymous_6)","line":28,"loc":{"start":{"line":28,"column":41},"end":{"line":28,"column":53}}}},"statementMap":{"1":{"start":{"line":2,"column":0},"end":{"line":2,"column":38}},"2":{"start":{"line":3,"column":0},"end":{"line":3,"column":54}},"3":{"start":{"line":4,"column":0},"end":{"line":4,"column":52}},"4":{"start":{"line":5,"column":0},"end":{"line":5,"column":48}},"5":{"start":{"line":6,"column":0},"end":{"line":6,"column":50}},"6":{"start":{"line":7,"column":0},"end":{"line":7,"column":64}},"7":{"start":{"line":8,"column":0},"end":{"line":8,"column":64}},"8":{"start":{"line":9,"column":0},"end":{"line":45,"column":5}},"9":{"start":{"line":10,"column":4},"end":{"line":16,"column":5}},"10":{"start":{"line":11,"column":8},"end":{"line":11,"column":37}},"11":{"start":{"line":12,"column":8},"end":{"line":12,"column":29}},"12":{"start":{"line":13,"column":8},"end":{"line":13,"column":42}},"13":{"start":{"line":14,"column":8},"end":{"line":14,"column":37}},"14":{"start":{"line":15,"column":8},"end":{"line":15,"column":52}},"15":{"start":{"line":17,"column":4},"end":{"line":27,"column":6}},"16":{"start":{"line":18,"column":8},"end":{"line":18,"column":25}},"17":{"start":{"line":19,"column":8},"end":{"line":22,"column":10}},"18":{"start":{"line":23,"column":8},"end":{"line":25,"column":88}},"19":{"start":{"line":24,"column":12},"end":{"line":24,"column":44}},"20":{"start":{"line":25,"column":28},"end":{"line":25,"column":84}},"21":{"start":{"line":26,"column":8},"end":{"line":26,"column":55}},"22":{"start":{"line":28,"column":4},"end":{"line":30,"column":6}},"23":{"start":{"line":29,"column":8},"end":{"line":29,"column":39}},"24":{"start":{"line":31,"column":4},"end":{"line":34,"column":60}},"25":{"start":{"line":35,"column":4},"end":{"line":43,"column":26}},"26":{"start":{"line":44,"column":4},"end":{"line":44,"column":29}},"27":{"start":{"line":46,"column":0},"end":{"line":46,"column":46}}},"branchMap":{},"code":["\"use strict\";","var core_1 = require('@angular/core');","var logservice_1 = require('app/services/logservice');","var button_1 = require('@angular2-material/button');","var card_1 = require('@angular2-material/card');","var input_1 = require('@angular2-material/input');","var router_deprecated_1 = require('@angular/router-deprecated');","var router_deprecated_2 = require('@angular/router-deprecated');","var LogEventComponent = (function () {","    function LogEventComponent(logService, params, router) {","        this.logService = logService;","        this.router = router;","        console.log('[submit-component]');","        this.logService = logService;","        this.logEntryType = params.get('eventtype');","    }","    LogEventComponent.prototype.LogEvent = function () {","        var _this = this;","        var newLogEntry = {","            'eventType': this.logEntryType,","            'comments': this.comments","        };","        this.logService.createLogEntry(newLogEntry).subscribe(function (data) {","            _this.router.navigate(['Home']);","        }, function (err) { return console.log('Error fetching event stats: ', err); });","        console.log(' LogEvent ->', this.logEntryType);","    };","    LogEventComponent.prototype.Cancel = function () {","        this.router.navigate(['Home']);","    };","    __decorate([","        core_1.Input(), ","        __metadata('design:type', String)","    ], LogEventComponent.prototype, \"logEntryType\", void 0);","    LogEventComponent = __decorate([","        core_1.Component({","            selector: 'logevent',","            directives: [button_1.MdButton, card_1.MdCard, card_1.MD_CARD_DIRECTIVES, input_1.MdInput],","            providers: [logservice_1.LogService],","            template: require('./logevent-component.html')","        }), ","        __metadata('design:paramtypes', [logservice_1.LogService, router_deprecated_1.RouteParams, router_deprecated_2.Router])","    ], LogEventComponent);","    return LogEventComponent;","}());","exports.LogEventComponent = LogEventComponent;",""],"l":{"2":1,"3":1,"4":1,"5":1,"6":1,"7":1,"8":1,"9":1,"10":1,"11":0,"12":0,"13":0,"14":0,"15":0,"17":1,"18":0,"19":0,"23":0,"24":0,"25":0,"26":0,"28":1,"29":0,"31":1,"35":1,"44":1,"46":1}},
"/Users/lamothe/Code/appy-mcappface/web/src/app/toolbar/toolbar-component.ts":{"path":"/Users/lamothe/Code/appy-mcappface/web/src/app/toolbar/toolbar-component.ts","s":{"1":1,"2":1,"3":1,"4":1,"5":1,"6":1,"7":1},"b":{},"f":{"1":1,"2":0},"fnMap":{"1":{"name":"(anonymous_1)","line":4,"loc":{"start":{"line":4,"column":24},"end":{"line":4,"column":36}}},"2":{"name":"ToolbarComponent","line":5,"loc":{"start":{"line":5,"column":4},"end":{"line":5,"column":32}}}},"statementMap":{"1":{"start":{"line":2,"column":0},"end":{"line":2,"column":38}},"2":{"start":{"line":3,"column":0},"end":{"line":3,"column":54}},"3":{"start":{"line":4,"column":0},"end":{"line":18,"column":5}},"4":{"start":{"line":5,"column":4},"end":{"line":6,"column":5}},"5":{"start":{"line":8,"column":4},"end":{"line":16,"column":25}},"6":{"start":{"line":17,"column":4},"end":{"line":17,"column":28}},"7":{"start":{"line":19,"column":0},"end":{"line":19,"column":44}}},"branchMap":{},"code":["\"use strict\";","var core_1 = require('@angular/core');","var toolbar_1 = require('@angular2-material/toolbar');","var ToolbarComponent = (function () {","    function ToolbarComponent() {","    }","    ;","    ToolbarComponent = __decorate([","        core_1.Component({","            selector: 'toolbar',","            directives: [toolbar_1.MdToolbar],","            providers: [],","            template: require('./toolbar-component.html')","        }), ","        __metadata('design:paramtypes', [])","    ], ToolbarComponent);","    return ToolbarComponent;","}());","exports.ToolbarComponent = ToolbarComponent;",""],"l":{"2":1,"3":1,"4":1,"5":1,"8":1,"17":1,"19":1}}}
